<?xml version="1.0" encoding="UTF-8"?>
<testng-results skipped="0" failed="1" ignored="0" total="5" passed="4">
  <reporter-output>
  </reporter-output>
  <suite name="Default suite" duration-ms="80228" started-at="2019-09-28T13:56:00Z" finished-at="2019-09-28T13:57:20Z">
    <groups>
    </groups>
    <test name="Default test" duration-ms="80228" started-at="2019-09-28T13:56:00Z" finished-at="2019-09-28T13:57:20Z">
      <class name="selenium.Flipkart">
        <test-method status="PASS" signature="browser()[pri:1, instance:selenium.Flipkart@10dba097]" name="browser" duration-ms="11242" started-at="2019-09-28T13:56:00Z" finished-at="2019-09-28T13:56:11Z">
          <reporter-output>
          </reporter-output>
        </test-method> <!-- browser -->
        <test-method status="PASS" signature="screenShot()[pri:0, instance:selenium.Flipkart@10dba097]" name="screenShot" is-config="true" duration-ms="390" started-at="2019-09-28T13:56:11Z" finished-at="2019-09-28T13:56:11Z">
          <reporter-output>
          </reporter-output>
        </test-method> <!-- screenShot -->
        <test-method status="PASS" signature="readCredentials()[pri:2, instance:selenium.Flipkart@10dba097]" name="readCredentials" duration-ms="729" started-at="2019-09-28T13:56:11Z" finished-at="2019-09-28T13:56:12Z">
          <reporter-output>
          </reporter-output>
        </test-method> <!-- readCredentials -->
        <test-method status="PASS" signature="screenShot()[pri:0, instance:selenium.Flipkart@10dba097]" name="screenShot" is-config="true" duration-ms="375" started-at="2019-09-28T13:56:12Z" finished-at="2019-09-28T13:56:13Z">
          <reporter-output>
          </reporter-output>
        </test-method> <!-- screenShot -->
        <test-method status="PASS" signature="cart()[pri:3, instance:selenium.Flipkart@10dba097]" name="cart" duration-ms="32089" started-at="2019-09-28T13:56:13Z" finished-at="2019-09-28T13:56:45Z">
          <reporter-output>
          </reporter-output>
        </test-method> <!-- cart -->
        <test-method status="PASS" signature="screenShot()[pri:0, instance:selenium.Flipkart@10dba097]" name="screenShot" is-config="true" duration-ms="858" started-at="2019-09-28T13:56:45Z" finished-at="2019-09-28T13:56:46Z">
          <reporter-output>
          </reporter-output>
        </test-method> <!-- screenShot -->
        <test-method status="PASS" signature="sikuliMethod()[pri:4, instance:selenium.Flipkart@10dba097]" name="sikuliMethod" duration-ms="13066" started-at="2019-09-28T13:56:46Z" finished-at="2019-09-28T13:56:59Z">
          <reporter-output>
          </reporter-output>
        </test-method> <!-- sikuliMethod -->
        <test-method status="PASS" signature="screenShot()[pri:0, instance:selenium.Flipkart@10dba097]" name="screenShot" is-config="true" duration-ms="541" started-at="2019-09-28T13:56:59Z" finished-at="2019-09-28T13:56:59Z">
          <reporter-output>
          </reporter-output>
        </test-method> <!-- screenShot -->
        <test-method status="FAIL" signature="addToCart()[pri:5, instance:selenium.Flipkart@10dba097]" name="addToCart" duration-ms="20408" started-at="2019-09-28T13:56:59Z" finished-at="2019-09-28T13:57:20Z">
          <exception class="org.openqa.selenium.NoSuchElementException">
            <message>
              <![CDATA[no such element: Unable to locate element: {"method":"xpath","selector":"//button[@class='_2AkmmA _2Npkh4 _2MWPVK']"}
  (Session info: chrome=77.0.3865.90)
For documentation on this error, please visit: https://www.seleniumhq.org/exceptions/no_such_element.html
Build info: version: '3.141.59', revision: 'e82be7d358', time: '2018-11-14T08:25:48'
System info: host: 'DESKTOP-OU0TTSG', ip: '192.168.1.25', os.name: 'Windows 10', os.arch: 'amd64', os.version: '10.0', java.version: '1.8.0_111'
Driver info: org.openqa.selenium.chrome.ChromeDriver
Capabilities {acceptInsecureCerts: false, browserName: chrome, browserVersion: 77.0.3865.90, chrome: {chromedriverVersion: 77.0.3865.40 (f484704e052e0..., userDataDir: C:\Users\Ayushi\AppData\Loc...}, goog:chromeOptions: {debuggerAddress: localhost:51048}, javascriptEnabled: true, networkConnectionEnabled: false, pageLoadStrategy: normal, platform: XP, platformName: XP, proxy: Proxy(), setWindowRect: true, strictFileInteractability: false, timeouts: {implicit: 0, pageLoad: 300000, script: 30000}, unhandledPromptBehavior: dismiss and notify}
Session ID: 4afac2e9845ab43fb54f592580f1b351
*** Element info: {Using=xpath, value=//button[@class='_2AkmmA _2Npkh4 _2MWPVK']}]]>
            </message>
            <full-stacktrace>
              <![CDATA[org.openqa.selenium.NoSuchElementException: no such element: Unable to locate element: {"method":"xpath","selector":"//button[@class='_2AkmmA _2Npkh4 _2MWPVK']"}
  (Session info: chrome=77.0.3865.90)
For documentation on this error, please visit: https://www.seleniumhq.org/exceptions/no_such_element.html
Build info: version: '3.141.59', revision: 'e82be7d358', time: '2018-11-14T08:25:48'
System info: host: 'DESKTOP-OU0TTSG', ip: '192.168.1.25', os.name: 'Windows 10', os.arch: 'amd64', os.version: '10.0', java.version: '1.8.0_111'
Driver info: org.openqa.selenium.chrome.ChromeDriver
Capabilities {acceptInsecureCerts: false, browserName: chrome, browserVersion: 77.0.3865.90, chrome: {chromedriverVersion: 77.0.3865.40 (f484704e052e0..., userDataDir: C:\Users\Ayushi\AppData\Loc...}, goog:chromeOptions: {debuggerAddress: localhost:51048}, javascriptEnabled: true, networkConnectionEnabled: false, pageLoadStrategy: normal, platform: XP, platformName: XP, proxy: Proxy(), setWindowRect: true, strictFileInteractability: false, timeouts: {implicit: 0, pageLoad: 300000, script: 30000}, unhandledPromptBehavior: dismiss and notify}
Session ID: 4afac2e9845ab43fb54f592580f1b351
*** Element info: {Using=xpath, value=//button[@class='_2AkmmA _2Npkh4 _2MWPVK']}
at sun.reflect.NativeConstructorAccessorImpl.newInstance0(Native Method)
at sun.reflect.NativeConstructorAccessorImpl.newInstance(NativeConstructorAccessorImpl.java:62)
at sun.reflect.DelegatingConstructorAccessorImpl.newInstance(DelegatingConstructorAccessorImpl.java:45)
at java.lang.reflect.Constructor.newInstance(Constructor.java:423)
at org.openqa.selenium.remote.http.W3CHttpResponseCodec.createException(W3CHttpResponseCodec.java:187)
at org.openqa.selenium.remote.http.W3CHttpResponseCodec.decode(W3CHttpResponseCodec.java:122)
at org.openqa.selenium.remote.http.W3CHttpResponseCodec.decode(W3CHttpResponseCodec.java:49)
at org.openqa.selenium.remote.HttpCommandExecutor.execute(HttpCommandExecutor.java:158)
at org.openqa.selenium.remote.service.DriverCommandExecutor.execute(DriverCommandExecutor.java:83)
at org.openqa.selenium.remote.RemoteWebDriver.execute(RemoteWebDriver.java:552)
at org.openqa.selenium.remote.RemoteWebDriver.findElement(RemoteWebDriver.java:323)
at org.openqa.selenium.remote.RemoteWebDriver.findElementByXPath(RemoteWebDriver.java:428)
at org.openqa.selenium.By$ByXPath.findElement(By.java:353)
at org.openqa.selenium.remote.RemoteWebDriver.findElement(RemoteWebDriver.java:315)
at selenium.Flipkart.addToCart(Flipkart.java:102)
at sun.reflect.NativeMethodAccessorImpl.invoke0(Native Method)
at sun.reflect.NativeMethodAccessorImpl.invoke(NativeMethodAccessorImpl.java:62)
at sun.reflect.DelegatingMethodAccessorImpl.invoke(DelegatingMethodAccessorImpl.java:43)
at java.lang.reflect.Method.invoke(Method.java:498)
at org.testng.internal.MethodInvocationHelper.invokeMethod(MethodInvocationHelper.java:124)
at org.testng.internal.Invoker.invokeMethod(Invoker.java:583)
at org.testng.internal.Invoker.invokeTestMethod(Invoker.java:719)
at org.testng.internal.Invoker.invokeTestMethods(Invoker.java:989)
at org.testng.internal.TestMethodWorker.invokeTestMethods(TestMethodWorker.java:125)
at org.testng.internal.TestMethodWorker.run(TestMethodWorker.java:109)
at org.testng.TestRunner.privateRun(TestRunner.java:648)
at org.testng.TestRunner.run(TestRunner.java:505)
at org.testng.SuiteRunner.runTest(SuiteRunner.java:455)
at org.testng.SuiteRunner.runSequentially(SuiteRunner.java:450)
at org.testng.SuiteRunner.privateRun(SuiteRunner.java:415)
at org.testng.SuiteRunner.run(SuiteRunner.java:364)
at org.testng.SuiteRunnerWorker.runSuite(SuiteRunnerWorker.java:52)
at org.testng.SuiteRunnerWorker.run(SuiteRunnerWorker.java:84)
at org.testng.TestNG.runSuitesSequentially(TestNG.java:1208)
at org.testng.TestNG.runSuitesLocally(TestNG.java:1137)
at org.testng.TestNG.runSuites(TestNG.java:1049)
at org.testng.TestNG.run(TestNG.java:1017)
at org.testng.remote.AbstractRemoteTestNG.run(AbstractRemoteTestNG.java:115)
at org.testng.remote.RemoteTestNG.initAndRun(RemoteTestNG.java:251)
at org.testng.remote.RemoteTestNG.main(RemoteTestNG.java:77)
]]>
            </full-stacktrace>
          </exception> <!-- org.openqa.selenium.NoSuchElementException -->
          <reporter-output>
          </reporter-output>
        </test-method> <!-- addToCart -->
        <test-method status="PASS" signature="screenShot()[pri:0, instance:selenium.Flipkart@10dba097]" name="screenShot" is-config="true" duration-ms="316" started-at="2019-09-28T13:57:20Z" finished-at="2019-09-28T13:57:20Z">
          <reporter-output>
          </reporter-output>
        </test-method> <!-- screenShot -->
      </class> <!-- selenium.Flipkart -->
    </test> <!-- Default test -->
  </suite> <!-- Default suite -->
</testng-results>
